<?xml version="1.0" encoding="UTF-8"?>
<!-- Generated by org.testng.reporters.JUnitReportReporter -->
<testsuite hostname="DESKTOP-3B7KTDM" failures="0" tests="1" name="com.google.TestGoogle" time="51.666" errors="0" timestamp="2022-07-02T15:50:00 IST" skipped="0">
  <testcase classname="com.google.TestGoogle" name="LaunchBrowser" time="51.666"/>
  <system-out/>
</testsuite> <!-- com.google.TestGoogle -->
