<?xml version="1.0" encoding="UTF-8"?>
<!-- Generated by org.testng.reporters.JUnitReportReporter -->
<testsuite hostname="DESKTOP-3B7KTDM" failures="0" tests="6" name="com.google.OrangeHRM" time="122.672" errors="0" timestamp="2022-07-02T15:50:00 IST" skipped="0">
  <testcase classname="com.google.OrangeHRM" name="navigateToMyinfo" time="2.758"/>
  <system-out/>
  <testcase classname="com.google.OrangeHRM" name="verifyLogin" time="5.914"/>
  <system-out/>
  <testcase classname="com.google.OrangeHRM" name="Login" time="12.435"/>
  <system-out/>
  <testcase classname="com.google.OrangeHRM" name="LaunchBrowser" time="56.867"/>
  <system-out/>
  <testcase classname="com.google.OrangeHRM" name="Login" time="10.025"/>
  <system-out/>
  <testcase classname="com.google.OrangeHRM" name="LaunchBrowser" time="34.673"/>
  <system-out/>
</testsuite> <!-- com.google.OrangeHRM -->
