<?xml version="1.0" encoding="UTF-8"?>
<!-- Generated by org.testng.reporters.JUnitReportReporter -->
<testsuite hostname="DESKTOP-3B7KTDM" failures="0" tests="3" name="com.hyr.ParallelTesting.DemoTest2" time="0.042" errors="0" timestamp="2022-07-14T19:54:55 IST" skipped="0">
  <testcase classname="com.hyr.ParallelTesting.DemoTest2" name="testmethod7" time="0.005"/>
  <system-out/>
  <testcase classname="com.hyr.ParallelTesting.DemoTest2" name="testmethod5" time="0.034"/>
  <system-out/>
  <testcase classname="com.hyr.ParallelTesting.DemoTest2" name="testmethod6" time="0.003"/>
  <system-out/>
</testsuite> <!-- com.hyr.ParallelTesting.DemoTest2 -->
