<?xml version="1.0" encoding="UTF-8"?>
<!-- Generated by org.testng.reporters.JUnitReportReporter -->
<testsuite hostname="DESKTOP-3B7KTDM" failures="0" tests="1" name="com.hyr.sridharClass.ZoomValidation" time="36.678" errors="0" timestamp="2022-09-25T16:36:42 IST" skipped="0">
  <testcase classname="com.hyr.sridharClass.ZoomValidation" name="dragAnddropdemo" time="36.678"/>
  <system-out/>
</testsuite> <!-- com.hyr.sridharClass.ZoomValidation -->
