<?xml version="1.0" encoding="UTF-8"?>
<!-- Generated by org.testng.reporters.JUnitReportReporter -->
<testsuite hostname="DESKTOP-3B7KTDM" failures="0" tests="2" name="com.hyr.Dataproviderprograms.ObjectDataprovider" time="0.037" errors="0" timestamp="2022-07-09T19:02:50 IST" skipped="0">
  <testcase classname="com.hyr.Dataproviderprograms.ObjectDataprovider" name="test" time="0.030"/>
  <system-out/>
  <testcase classname="com.hyr.Dataproviderprograms.ObjectDataprovider" name="test" time="0.007"/>
  <system-out/>
</testsuite> <!-- com.hyr.Dataproviderprograms.ObjectDataprovider -->
