<?xml version="1.0" encoding="UTF-8"?>
<!-- Generated by org.testng.reporters.JUnitReportReporter -->
<testsuite hostname="DESKTOP-3B7KTDM" failures="0" tests="4" name="ListenersExamples.Demo2" time="0.044" errors="0" timestamp="2022-07-12T15:02:25 IST" skipped="0">
  <testcase classname="ListenersExamples.Demo2" name="test3" time="0.025"/>
  <system-out/>
  <testcase classname="ListenersExamples.Demo2" name="test4" time="0.010"/>
  <system-out/>
  <testcase classname="ListenersExamples.Demo2" name="test4" time="0.005"/>
  <system-out/>
  <testcase classname="ListenersExamples.Demo2" name="test3" time="0.004"/>
  <system-out/>
</testsuite> <!-- ListenersExamples.Demo2 -->
