<?xml version="1.0" encoding="UTF-8"?>
<!-- Generated by org.testng.reporters.JUnitReportReporter -->
<testsuite hostname="DESKTOP-3B7KTDM" failures="0" tests="3" name="com.hyr.ParallelTesting.DemoTest4" time="0.051" errors="0" timestamp="2022-07-12T18:08:15 IST" skipped="0">
  <testcase classname="com.hyr.ParallelTesting.DemoTest4" name="testmethod12" time="0.004"/>
  <system-out/>
  <testcase classname="com.hyr.ParallelTesting.DemoTest4" name="testmethod11" time="0.007"/>
  <system-out/>
  <testcase classname="com.hyr.ParallelTesting.DemoTest4" name="testmethod10" time="0.040"/>
  <system-out/>
</testsuite> <!-- com.hyr.ParallelTesting.DemoTest4 -->
