<?xml version="1.0" encoding="UTF-8"?>
<!-- Generated by org.testng.reporters.JUnitReportReporter -->
<testsuite hostname="DESKTOP-3B7KTDM" failures="0" tests="2" name="com.hyr.Dataproviderprograms.FirstDataProvider" time="0.050" errors="0" timestamp="2022-07-09T18:46:43 IST" skipped="0">
  <testcase classname="com.hyr.Dataproviderprograms.FirstDataProvider" name="test" time="0.038"/>
  <system-out/>
  <testcase classname="com.hyr.Dataproviderprograms.FirstDataProvider" name="test" time="0.012"/>
  <system-out/>
</testsuite> <!-- com.hyr.Dataproviderprograms.FirstDataProvider -->
