<?xml version="1.0" encoding="UTF-8"?>
<!-- Generated by org.testng.reporters.JUnitReportReporter -->
<testsuite hostname="DESKTOP-3B7KTDM" failures="0" tests="2" name="com.hyr.GroupTest.NewTest1" time="0.009" errors="0" timestamp="2022-07-08T18:24:24 IST" skipped="0">
  <testcase classname="com.hyr.GroupTest.NewTest1" name="test7" time="0.003"/>
  <system-out/>
  <testcase classname="com.hyr.GroupTest.NewTest1" name="test6" time="0.006"/>
  <system-out/>
</testsuite> <!-- com.hyr.GroupTest.NewTest1 -->
