<?xml version="1.0" encoding="UTF-8"?>
<!-- Generated by org.testng.reporters.JUnitReportReporter -->
<testsuite hostname="DESKTOP-3B7KTDM" failures="0" tests="1" name="com.hyr.windowshandling.MultipleWindows" time="116.292" errors="0" timestamp="2022-09-18T15:33:13 IST" skipped="0">
  <testcase classname="com.hyr.windowshandling.MultipleWindows" name="MultiWidows" time="116.292"/>
  <system-out/>
</testsuite> <!-- com.hyr.windowshandling.MultipleWindows -->
