<?xml version="1.0" encoding="UTF-8"?>
<!-- Generated by org.testng.reporters.JUnitReportReporter -->
<testsuite hostname="DESKTOP-3B7KTDM" failures="0" tests="2" name="com.hyr.invocationCount.InvocationCountWithInvocationTimeOut" time="71.396" errors="0" timestamp="2022-07-14T19:27:24 IST" skipped="0">
  <testcase classname="com.hyr.invocationCount.InvocationCountWithInvocationTimeOut" name="TestMethod1" time="35.602"/>
  <system-out/>
  <testcase classname="com.hyr.invocationCount.InvocationCountWithInvocationTimeOut" name="TestMethod1" time="35.794"/>
  <system-out/>
</testsuite> <!-- com.hyr.invocationCount.InvocationCountWithInvocationTimeOut -->
