<?xml version="1.0" encoding="UTF-8"?>
<!-- Generated by org.testng.reporters.JUnitReportReporter -->
<testsuite hostname="DESKTOP-3B7KTDM" failures="0" tests="1" name="com.hyr.sridharClass.SendTextToSingle" time="29.955" errors="0" timestamp="2022-09-27T19:07:44 IST" skipped="0">
  <testcase classname="com.hyr.sridharClass.SendTextToSingle" name="sendText" time="29.955"/>
  <system-out/>
</testsuite> <!-- com.hyr.sridharClass.SendTextToSingle -->
