<?xml version="1.0" encoding="UTF-8"?>
<!-- Generated by org.testng.reporters.JUnitReportReporter -->
<testsuite hostname="DESKTOP-3B7KTDM" failures="0" tests="3" name="com.hyr.invocationCount.InvocationCount" time="131.709" errors="0" timestamp="2022-07-14T19:16:41 IST" skipped="0">
  <testcase classname="com.hyr.invocationCount.InvocationCount" name="TestMethod1" time="16.024"/>
  <system-out/>
  <testcase classname="com.hyr.invocationCount.InvocationCount" name="TestMethod1" time="90.654"/>
  <system-out/>
  <testcase classname="com.hyr.invocationCount.InvocationCount" name="TestMethod1" time="25.031"/>
  <system-out/>
</testsuite> <!-- com.hyr.invocationCount.InvocationCount -->
