<?xml version="1.0" encoding="UTF-8"?>
<!-- Generated by org.testng.reporters.JUnitReportReporter -->
<testsuite hostname="DESKTOP-3B7KTDM" failures="0" tests="1" name="com.hyr.sridharClass.AccessALLBOxes" time="29.742" errors="0" timestamp="2022-09-27T20:36:14 IST" skipped="0">
  <testcase classname="com.hyr.sridharClass.AccessALLBOxes" name="Access" time="29.742"/>
  <system-out/>
</testsuite> <!-- com.hyr.sridharClass.AccessALLBOxes -->
