<?xml version="1.0" encoding="UTF-8"?>
<!-- Generated by org.testng.reporters.JUnitReportReporter -->
<testsuite hostname="DESKTOP-3B7KTDM" failures="0" tests="1" name="com.hyr.Xpath.FlipkartXpaths" time="38.701" errors="0" timestamp="2022-09-17T18:33:22 IST" skipped="0">
  <testcase classname="com.hyr.Xpath.FlipkartXpaths" name="Xpathsdata1" time="38.701"/>
  <system-out/>
</testsuite> <!-- com.hyr.Xpath.FlipkartXpaths -->
