<?xml version="1.0" encoding="UTF-8"?>
<!-- Generated by org.testng.reporters.JUnitReportReporter -->
<testsuite hostname="DESKTOP-3B7KTDM" failures="0" tests="1" name="com.hyr.locators.LinkTextandPartialLinkText" time="33.400" errors="0" timestamp="2022-09-19T06:48:59 IST" skipped="0">
  <testcase classname="com.hyr.locators.LinkTextandPartialLinkText" name="LinkText" time="33.400"/>
  <system-out/>
</testsuite> <!-- com.hyr.locators.LinkTextandPartialLinkText -->
