<?xml version="1.0" encoding="UTF-8"?>
<!-- Generated by org.testng.reporters.JUnitReportReporter -->
<testsuite hostname="DESKTOP-3B7KTDM" failures="0" tests="1" name="windowsHandling.GetWindowHandleMethod" time="41.353" errors="0" timestamp="2022-09-18T13:47:20 IST" skipped="0">
  <testcase classname="windowsHandling.GetWindowHandleMethod" name="Gethandle" time="41.353"/>
  <system-out/>
</testsuite> <!-- windowsHandling.GetWindowHandleMethod -->
