<?xml version="1.0" encoding="UTF-8"?>
<!-- Generated by org.testng.reporters.JUnitReportReporter -->
<testsuite hostname="DESKTOP-3B7KTDM" failures="0" tests="2" name="com.hyr.Dataproviderprograms.IntegerDataprovider" time="0.041" errors="0" timestamp="2022-07-09T19:05:35 IST" skipped="0">
  <testcase classname="com.hyr.Dataproviderprograms.IntegerDataprovider" name="test" time="0.007"/>
  <system-out/>
  <testcase classname="com.hyr.Dataproviderprograms.IntegerDataprovider" name="test" time="0.034"/>
  <system-out/>
</testsuite> <!-- com.hyr.Dataproviderprograms.IntegerDataprovider -->
