<?xml version="1.0" encoding="UTF-8"?>
<!-- Generated by org.testng.reporters.JUnitReportReporter -->
<testsuite hostname="DESKTOP-3B7KTDM" failures="0" tests="3" name="com.hyr.ParallelTesting.DemoTest4" time="0.049" errors="0" timestamp="2022-07-14T19:54:55 IST" skipped="0">
  <testcase classname="com.hyr.ParallelTesting.DemoTest4" name="testmethod12" time="0.008"/>
  <system-out/>
  <testcase classname="com.hyr.ParallelTesting.DemoTest4" name="testmethod10" time="0.019"/>
  <system-out/>
  <testcase classname="com.hyr.ParallelTesting.DemoTest4" name="testmethod11" time="0.022"/>
  <system-out/>
</testsuite> <!-- com.hyr.ParallelTesting.DemoTest4 -->
