<?xml version="1.0" encoding="UTF-8"?>
<!-- Generated by org.testng.reporters.JUnitReportReporter -->
<testsuite hostname="DESKTOP-3B7KTDM" failures="0" tests="1" name="com.hyr.dataproviderWithExcel.ExceldataDataprovider" time="2.666" errors="0" timestamp="2022-07-11T23:16:58 IST" skipped="0">
  <testcase classname="com.hyr.dataproviderWithExcel.ExceldataDataprovider" name="TestData" time="2.666"/>
  <system-out/>
</testsuite> <!-- com.hyr.dataproviderWithExcel.ExceldataDataprovider -->
