<?xml version="1.0" encoding="UTF-8"?>
<!-- Generated by org.testng.reporters.JUnitReportReporter -->
<testsuite hostname="DESKTOP-3B7KTDM" failures="0" tests="3" name="com.hyr.ParallelTesting.DemoTest2" time="0.107" errors="0" timestamp="2022-07-12T18:08:15 IST" skipped="0">
  <testcase classname="com.hyr.ParallelTesting.DemoTest2" name="testmethod6" time="0.006"/>
  <system-out/>
  <testcase classname="com.hyr.ParallelTesting.DemoTest2" name="testmethod7" time="0.012"/>
  <system-out/>
  <testcase classname="com.hyr.ParallelTesting.DemoTest2" name="testmethod5" time="0.089"/>
  <system-out/>
</testsuite> <!-- com.hyr.ParallelTesting.DemoTest2 -->
