<?xml version="1.0" encoding="UTF-8"?>
<!-- Generated by org.testng.reporters.JUnitReportReporter -->
<testsuite hostname="DESKTOP-3B7KTDM" failures="0" tests="1" name="com.hyr.sridharClass.DragAndDrop" time="15.354" errors="0" timestamp="2022-09-28T14:39:24 IST" skipped="0">
  <testcase classname="com.hyr.sridharClass.DragAndDrop" name="SingleEx" time="15.354"/>
  <system-out/>
</testsuite> <!-- com.hyr.sridharClass.DragAndDrop -->
