<?xml version="1.0" encoding="UTF-8"?>
<!-- Generated by org.testng.reporters.JUnitReportReporter -->
<testsuite hostname="DESKTOP-3B7KTDM" failures="0" tests="1" name="SeleniumAlertsandPopups.JavascriptAlertsSDEA" time="27.687" errors="0" timestamp="2022-08-07T06:47:41 IST" skipped="0">
  <testcase classname="SeleniumAlertsandPopups.JavascriptAlertsSDEA" name="init" time="27.687"/>
  <system-out/>
</testsuite> <!-- SeleniumAlertsandPopups.JavascriptAlertsSDEA -->
