<?xml version="1.0" encoding="UTF-8"?>
<!-- Generated by org.testng.reporters.JUnitReportReporter -->
<testsuite hostname="DESKTOP-3B7KTDM" failures="0" tests="5" name="com.hyr.Tests.TestNgPriority" time="0.127" errors="0" timestamp="2022-07-08T17:27:34 IST" skipped="0">
  <testcase classname="com.hyr.Tests.TestNgPriority" name="searchForFlights" time="0.010"/>
  <system-out/>
  <testcase classname="com.hyr.Tests.TestNgPriority" name="Login" time="0.072"/>
  <system-out/>
  <testcase classname="com.hyr.Tests.TestNgPriority" name="SignUp" time="0.017"/>
  <system-out/>
  <testcase classname="com.hyr.Tests.TestNgPriority" name="BookTickets" time="0.016"/>
  <system-out/>
  <testcase classname="com.hyr.Tests.TestNgPriority" name="Logout" time="0.012"/>
  <system-out/>
</testsuite> <!-- com.hyr.Tests.TestNgPriority -->
