<?xml version="1.0" encoding="UTF-8"?>
<!-- Generated by org.testng.reporters.JUnitReportReporter -->
<testsuite hostname="DESKTOP-3B7KTDM" failures="0" tests="4" name="ListenersExamples.Demo" time="0.087" errors="0" timestamp="2022-07-12T15:02:25 IST" skipped="0">
  <testcase classname="ListenersExamples.Demo" name="test1" time="0.008"/>
  <system-out/>
  <testcase classname="ListenersExamples.Demo" name="test2" time="0.004"/>
  <system-out/>
  <testcase classname="ListenersExamples.Demo" name="test2" time="0.017"/>
  <system-out/>
  <testcase classname="ListenersExamples.Demo" name="test1" time="0.058"/>
  <system-out/>
</testsuite> <!-- ListenersExamples.Demo -->
