<?xml version="1.0" encoding="UTF-8"?>
<!-- Generated by org.testng.reporters.JUnitReportReporter -->
<testsuite hostname="DESKTOP-3B7KTDM" failures="0" tests="3" name="com.hyr.Dataproviderprograms.OrangeHRMDataProvider" time="116.141" errors="0" timestamp="2022-07-09T19:17:28 IST" skipped="0">
  <testcase classname="com.hyr.Dataproviderprograms.OrangeHRMDataProvider" name="LoginTest" time="30.820"/>
  <system-out/>
  <testcase classname="com.hyr.Dataproviderprograms.OrangeHRMDataProvider" name="LoginTest" time="55.915"/>
  <system-out/>
  <testcase classname="com.hyr.Dataproviderprograms.OrangeHRMDataProvider" name="LoginTest" time="29.406"/>
  <system-out/>
</testsuite> <!-- com.hyr.Dataproviderprograms.OrangeHRMDataProvider -->
