<?xml version="1.0" encoding="UTF-8"?>
<!-- Generated by org.testng.reporters.JUnitReportReporter -->
<testsuite hostname="DESKTOP-3B7KTDM" failures="0" tests="1" name="com.hym.checkboxes.SingleAndmultiple" time="59.257" errors="0" timestamp="2022-09-19T06:15:57 IST" skipped="0">
  <testcase classname="com.hym.checkboxes.SingleAndmultiple" name="checkboxes" time="59.257"/>
  <system-out/>
</testsuite> <!-- com.hym.checkboxes.SingleAndmultiple -->
