<?xml version="1.0" encoding="UTF-8"?>
<!-- Generated by org.testng.reporters.JUnitReportReporter -->
<testsuite hostname="DESKTOP-3B7KTDM" failures="0" tests="6" name="com.hyr.Tests.OrangeHRM" time="40.243" errors="0" timestamp="2022-07-08T06:05:19 IST" skipped="0">
  <testcase classname="com.hyr.Tests.OrangeHRM" name="IntialiseBrowser" time="10.927"/>
  <system-out/>
  <testcase classname="com.hyr.Tests.OrangeHRM" name="NavigateToAdmin" time="6.608"/>
  <system-out/>
  <testcase classname="com.hyr.Tests.OrangeHRM" name="ValidateLogin" time="0.152"/>
  <system-out/>
  <testcase classname="com.hyr.Tests.OrangeHRM" name="LaunchUrl" time="10.154"/>
  <system-out/>
  <testcase classname="com.hyr.Tests.OrangeHRM" name="EnterCredintials" time="11.436"/>
  <system-out/>
  <testcase classname="com.hyr.Tests.OrangeHRM" name="Teardown" time="0.966"/>
  <system-out/>
</testsuite> <!-- com.hyr.Tests.OrangeHRM -->
