<?xml version="1.0" encoding="UTF-8"?>
<!-- Generated by org.testng.reporters.JUnitReportReporter -->
<testsuite hostname="DESKTOP-3B7KTDM" failures="0" tests="1" name="com.hyr.sridharClass.SendTextToAlertBox" time="50.257" errors="0" timestamp="2022-09-27T15:20:21 IST" skipped="0">
  <testcase classname="com.hyr.sridharClass.SendTextToAlertBox" name="SendUsername" time="50.257"/>
  <system-out/>
</testsuite> <!-- com.hyr.sridharClass.SendTextToAlertBox -->
