<?xml version="1.0" encoding="UTF-8"?>
<!-- Generated by org.testng.reporters.JUnitReportReporter -->
<testsuite hostname="DESKTOP-3B7KTDM" failures="0" tests="3" name="com.hyr.ParallelTesting.DemoTest1" time="58.809" errors="0" timestamp="2022-07-12T18:08:15 IST" skipped="0">
  <testcase classname="com.hyr.ParallelTesting.DemoTest1" name="testmethod2" time="19.564"/>
  <system-out/>
  <testcase classname="com.hyr.ParallelTesting.DemoTest1" name="testmethod3" time="24.457"/>
  <system-out/>
  <testcase classname="com.hyr.ParallelTesting.DemoTest1" name="testmethod1" time="14.788"/>
  <system-out/>
</testsuite> <!-- com.hyr.ParallelTesting.DemoTest1 -->
