<?xml version="1.0" encoding="UTF-8"?>
<!-- Generated by org.testng.reporters.JUnitReportReporter -->
<testsuite hostname="DESKTOP-3B7KTDM" failures="0" tests="1" name="com.hyr.ActionClsMouseActions.Actionsclass" time="37.049" errors="0" timestamp="2022-09-19T04:00:07 IST" skipped="0">
  <testcase classname="com.hyr.ActionClsMouseActions.Actionsclass" name="movetoelement" time="37.049"/>
  <system-out/>
</testsuite> <!-- com.hyr.ActionClsMouseActions.Actionsclass -->
