<?xml version="1.0" encoding="UTF-8"?>
<!-- Generated by org.testng.reporters.JUnitReportReporter -->
<testsuite hostname="DESKTOP-3B7KTDM" failures="0" tests="1" name="com.hyr.sridharClass.DropDownXle" time="43.889" errors="0" timestamp="2022-09-28T13:54:12 IST" skipped="0">
  <testcase classname="com.hyr.sridharClass.DropDownXle" name="MultipleSelect" time="43.889"/>
  <system-out/>
</testsuite> <!-- com.hyr.sridharClass.DropDownXle -->
