<?xml version="1.0" encoding="UTF-8"?>
<!-- Generated by org.testng.reporters.JUnitReportReporter -->
<testsuite hostname="DESKTOP-3B7KTDM" failures="0" tests="1" name="com.hyr.Xpath.AbsoluteAndRelative" time="27.099" errors="0" timestamp="2022-09-17T15:47:41 IST" skipped="0">
  <testcase classname="com.hyr.Xpath.AbsoluteAndRelative" name="Xpathsdata" time="27.099"/>
  <system-out/>
</testsuite> <!-- com.hyr.Xpath.AbsoluteAndRelative -->
