<?xml version="1.0" encoding="UTF-8"?>
<!-- Generated by org.testng.reporters.JUnitReportReporter -->
<testsuite hostname="DESKTOP-3B7KTDM" failures="0" tests="2" name="com.hyr.GroupTest.NewTest" time="0.063" errors="0" timestamp="2022-07-08T18:24:24 IST" skipped="0">
  <testcase classname="com.hyr.GroupTest.NewTest" name="test1" time="0.055"/>
  <system-out/>
  <testcase classname="com.hyr.GroupTest.NewTest" name="test3" time="0.008"/>
  <system-out/>
</testsuite> <!-- com.hyr.GroupTest.NewTest -->
