<?xml version="1.0" encoding="UTF-8"?>
<!-- Generated by org.testng.reporters.JUnitReportReporter -->
<testsuite hostname="DESKTOP-3B7KTDM" failures="0" tests="4" name="com.hyr.Dataproviderprograms.StringTwodaimentialDataProvider" time="0.065" errors="0" timestamp="2022-07-09T18:57:05 IST" skipped="0">
  <testcase classname="com.hyr.Dataproviderprograms.StringTwodaimentialDataProvider" name="test" time="0.009"/>
  <system-out/>
  <testcase classname="com.hyr.Dataproviderprograms.StringTwodaimentialDataProvider" name="test1" time="0.010"/>
  <system-out/>
  <testcase classname="com.hyr.Dataproviderprograms.StringTwodaimentialDataProvider" name="test1" time="0.017"/>
  <system-out/>
  <testcase classname="com.hyr.Dataproviderprograms.StringTwodaimentialDataProvider" name="test" time="0.029"/>
  <system-out/>
</testsuite> <!-- com.hyr.Dataproviderprograms.StringTwodaimentialDataProvider -->
