<?xml version="1.0" encoding="UTF-8"?>
<!-- Generated by org.testng.reporters.JUnitReportReporter -->
<testsuite hostname="DESKTOP-3B7KTDM" failures="0" tests="2" name="com.hyr.ParallelTesting.DemoTest3" time="0.276" errors="0" timestamp="2022-07-14T19:54:55 IST" skipped="0">
  <testcase classname="com.hyr.ParallelTesting.DemoTest3" name="testmethod9" time="0.099"/>
  <system-out/>
  <testcase classname="com.hyr.ParallelTesting.DemoTest3" name="testmethod8" time="0.177"/>
  <system-out/>
</testsuite> <!-- com.hyr.ParallelTesting.DemoTest3 -->
